Command line: /opt/SPAdes-3.11.1-Linux/bin/spades.py	-s	/data/mapped0_cds.fastq	-s	/data/mapped1_cds.fastq	-s	/data/mapped2_cds.fastq	-o	/data	

System information:
  SPAdes version: 3.11.1
  Python version: 3.6.7
  OS: Linux-4.19.121-linuxkit-x86_64-with-Ubuntu-18.04-bionic

Output dir: /data
Mode: read error correction and assembling
Debug mode is turned OFF

Dataset parameters:
  Multi-cell mode (you should set '--sc' flag if input data was obtained with MDA (single-cell) technology or --meta flag if processing metagenomic dataset)
  Reads:
    Library number: 1, library type: single
      left reads: not specified
      right reads: not specified
      interlaced reads: not specified
      single reads: ['/data/mapped0_cds.fastq', '/data/mapped1_cds.fastq', '/data/mapped2_cds.fastq']
Read error correction parameters:
  Iterations: 1
  PHRED offset will be auto-detected
  Corrected reads will be compressed (with gzip)
Assembly parameters:
  k: automatic selection based on read length
  Repeat resolution is enabled
  Mismatch careful mode is turned OFF
  MismatchCorrector will be SKIPPED
  Coverage cutoff is turned OFF
Other parameters:
  Dir for temp files: /data/tmp
  Threads: 16
  Memory limit (in Gb): 31


======= SPAdes pipeline started. Log can be found here: /data/spades.log


===== Read error correction started. 


== Running read error correction tool: /opt/SPAdes-3.11.1-Linux/bin/hammer /data/corrected/configs/config.info

  0:00:00.000     4M / 4M    INFO    General                 (main.cpp                  :  83)   Starting BayesHammer, built from N/A, git revision N/A
  0:00:00.000     4M / 4M    INFO    General                 (main.cpp                  :  84)   Loading config from /data/corrected/configs/config.info
  0:00:00.005     4M / 4M    INFO    General                 (memory_limit.hpp          :  51)   Memory limit set to 31 Gb
  0:00:00.005     4M / 4M    INFO    General                 (main.cpp                  :  93)   Trying to determine PHRED offset
  0:00:00.010     4M / 4M    INFO    General                 (main.cpp                  :  99)   Determined value is 33
  0:00:00.010     4M / 4M    INFO    General                 (hammer_tools.cpp          :  36)   Hamming graph threshold tau=1, k=21, subkmer positions = [ 0 10 ]
  0:00:00.010     4M / 4M    INFO    General                 (main.cpp                  : 120)   Size of aux. kmer data 24 bytes
     === ITERATION 0 begins ===
  0:00:00.013     4M / 4M    INFO   K-mer Index Building     (kmer_index_builder.hpp    : 289)   Building kmer index
  0:00:00.013     4M / 4M    INFO    General                 (kmer_index_builder.hpp    : 106)   Splitting kmer instances into 256 buckets using 16 threads. This might take a while.
  0:00:00.013     4M / 4M    INFO    General                 (file_limit.hpp            :  32)   Open file limit set to 1048576
  0:00:00.013     4M / 4M    INFO    General                 (kmer_splitters.hpp        :  74)   Memory available for splitting buffers: 0.645752 Gb
  0:00:00.013     4M / 4M    INFO    General                 (kmer_splitters.hpp        :  82)   Using cell size of 262144
  0:00:00.136     8G / 8G    INFO   K-mer Splitting          (kmer_data.cpp             :  96)   Processing /data/mapped0_cds.fastq

Traceback (most recent call last):
  File "/opt/SPAdes-3.11.1-Linux/bin/spades.py", line 748, in main
    ext_python_modules_home, only_compressing_is_needed, log)
  File "/opt/SPAdes-3.11.1-Linux/share/spades/spades_pipeline/hammer_logic.py", line 142, in run_hammer
    support.sys_call(command, log)
  File "/opt/SPAdes-3.11.1-Linux/share/spades/spades_pipeline/support.py", line 247, in sys_call
    line = process_readline(proc.stdout.readline())
KeyboardInterrupt


== Error ==  exception caught: <class 'KeyboardInterrupt'>

In case you have troubles running SPAdes, you can write to spades.support@cab.spbu.ru
or report an issue on our GitHub repository github.com/ablab/spades
Please provide us with params.txt and spades.log files from the output directory.
